<?xml version="1.0" encoding="UTF-8"?>
<testng-results ignored="0" total="1" passed="1" failed="0" skipped="0">
  <reporter-output>
  </reporter-output>
  <suite started-at="2025-04-26T21:52:23 AEST" name="Default suite" finished-at="2025-04-26T21:52:23 AEST" duration-ms="38">
    <groups>
    </groups>
    <test started-at="2025-04-26T21:52:23 AEST" name="Default test" finished-at="2025-04-26T21:52:23 AEST" duration-ms="38">
      <class name="Master_project.CKD.AppiumBasics">
        <test-method signature="AppiumTest()[pri:0, instance:Master_project.CKD.AppiumBasics@1f2586d6]" started-at="2025-04-26T21:52:23 AEST" name="AppiumTest" finished-at="2025-04-26T21:52:23 AEST" duration-ms="9" status="PASS">
          <reporter-output>
          </reporter-output>
        </test-method> <!-- AppiumTest -->
      </class> <!-- Master_project.CKD.AppiumBasics -->
    </test> <!-- Default test -->
  </suite> <!-- Default suite -->
</testng-results>
